// Output created by jacc on Tue May 14 00:02:57 PDT 2013

state 0 (entry on program)
    $accept : _program $end
    fundefs : _    (3)

    INT reduce 3
    $end reduce 3
    VOID reduce 3
    DOUBLE reduce 3
    BOOLEAN reduce 3
    . error

    program goto 1
    fundefs goto 2

state 1 (entry on program)
    $accept : program_$end

    $end accept
    . error

state 2 (entry on fundefs)
    program : fundefs_    (1)
    fundefs : fundefs_fundef    (2)

    BOOLEAN shift 5
    DOUBLE shift 6
    INT shift 7
    VOID shift 8
    $end reduce 1
    . error

    fundef goto 3
    type goto 4

state 3 (entry on fundef)
    fundefs : fundefs fundef_    (2)

    INT reduce 2
    $end reduce 2
    VOID reduce 2
    DOUBLE reduce 2
    BOOLEAN reduce 2
    . error

state 4 (entry on type)
    fundef : type_IDENT '(' formals ')' '{' stmts '}'    (4)
    type : type_'[' ']'    (14)

    IDENT shift 9
    '[' shift 10
    . error

state 5 (entry on BOOLEAN)
    type : BOOLEAN_    (12)

    IDENT reduce 12
    '[' reduce 12
    . error

state 6 (entry on DOUBLE)
    type : DOUBLE_    (13)

    IDENT reduce 13
    '[' reduce 13
    . error

state 7 (entry on INT)
    type : INT_    (11)

    IDENT reduce 11
    '[' reduce 11
    . error

state 8 (entry on VOID)
    fundef : VOID_IDENT '(' formals ')' '{' stmts '}'    (5)

    IDENT shift 11
    . error

state 9 (entry on IDENT)
    fundef : type IDENT_'(' formals ')' '{' stmts '}'    (4)

    '(' shift 12
    . error

state 10 (entry on '[')
    type : type '['_']'    (14)

    ']' shift 13
    . error

state 11 (entry on IDENT)
    fundef : VOID IDENT_'(' formals ')' '{' stmts '}'    (5)

    '(' shift 14
    . error

state 12 (entry on '(')
    formals : _    (6)
    fundef : type IDENT '('_formals ')' '{' stmts '}'    (4)

    BOOLEAN shift 5
    DOUBLE shift 6
    INT shift 7
    ')' reduce 6
    . error

    formal goto 15
    formals goto 16
    formals1 goto 17
    type goto 18

state 13 (entry on ']')
    type : type '[' ']'_    (14)

    IDENT reduce 14
    '[' reduce 14
    . error

state 14 (entry on '(')
    formals : _    (6)
    fundef : VOID IDENT '('_formals ')' '{' stmts '}'    (5)

    BOOLEAN shift 5
    DOUBLE shift 6
    INT shift 7
    ')' reduce 6
    . error

    formal goto 15
    formals goto 19
    formals1 goto 17
    type goto 18

state 15 (entry on formal)
    formals1 : formal_',' formals1    (8)
    formals1 : formal_    (9)

    ',' shift 20
    ')' reduce 9
    . error

state 16 (entry on formals)
    fundef : type IDENT '(' formals_')' '{' stmts '}'    (4)

    ')' shift 21
    . error

state 17 (entry on formals1)
    formals : formals1_    (7)

    ')' reduce 7
    . error

state 18 (entry on type)
    formal : type_IDENT    (10)
    type : type_'[' ']'    (14)

    '[' shift 10
    IDENT shift 22
    . error

state 19 (entry on formals)
    fundef : VOID IDENT '(' formals_')' '{' stmts '}'    (5)

    ')' shift 23
    . error

state 20 (entry on ',')
    formals1 : formal ','_formals1    (8)

    BOOLEAN shift 5
    DOUBLE shift 6
    INT shift 7
    . error

    formal goto 15
    formals1 goto 24
    type goto 18

state 21 (entry on ')')
    fundef : type IDENT '(' formals ')'_'{' stmts '}'    (4)

    '{' shift 25
    . error

state 22 (entry on IDENT)
    formal : type IDENT_    (10)

    ')' reduce 10
    ',' reduce 10
    . error

state 23 (entry on ')')
    fundef : VOID IDENT '(' formals ')'_'{' stmts '}'    (5)

    '{' shift 26
    . error

state 24 (entry on formals1)
    formals1 : formal ',' formals1_    (8)

    ')' reduce 8
    . error

state 25 (entry on '{')
    fundef : type IDENT '(' formals ')' '{'_stmts '}'    (4)
    stmts : _    (16)

    '+' reduce 16
    '(' reduce 16
    '!' reduce 16
    INTLIT reduce 16
    WHILE reduce 16
    INT reduce 16
    CONTINUE reduce 16
    '}' reduce 16
    IF reduce 16
    '{' reduce 16
    RETURN reduce 16
    IDENT reduce 16
    DOUBLE reduce 16
    PRINT reduce 16
    NEW reduce 16
    ';' reduce 16
    '-' reduce 16
    FOR reduce 16
    DO reduce 16
    '~' reduce 16
    BREAK reduce 16
    BOOLEAN reduce 16
    . error

    stmts goto 27

state 26 (entry on '{')
    fundef : VOID IDENT '(' formals ')' '{'_stmts '}'    (5)
    stmts : _    (16)

    '+' reduce 16
    '(' reduce 16
    '!' reduce 16
    INTLIT reduce 16
    WHILE reduce 16
    INT reduce 16
    CONTINUE reduce 16
    '}' reduce 16
    IF reduce 16
    '{' reduce 16
    RETURN reduce 16
    IDENT reduce 16
    DOUBLE reduce 16
    PRINT reduce 16
    NEW reduce 16
    ';' reduce 16
    '-' reduce 16
    FOR reduce 16
    DO reduce 16
    '~' reduce 16
    BREAK reduce 16
    BOOLEAN reduce 16
    . error

    stmts goto 28

state 27 (entry on stmts)
    fundef : type IDENT '(' formals ')' '{' stmts_'}'    (4)
    stmts : stmts_stmt    (15)

    BOOLEAN shift 5
    DOUBLE shift 6
    INT shift 7
    BREAK shift 33
    CONTINUE shift 34
    DO shift 35
    FOR shift 36
    IDENT shift 37
    IF shift 38
    INTLIT shift 39
    NEW shift 40
    PRINT shift 41
    RETURN shift 42
    WHILE shift 43
    '!' shift 44
    '(' shift 45
    '+' shift 46
    '-' shift 47
    ';' shift 48
    '{' shift 49
    '}' shift 50
    '~' shift 51
    . error

    expr goto 29
    stmt goto 30
    type goto 31
    varDecl goto 32

state 28 (entry on stmts)
    fundef : VOID IDENT '(' formals ')' '{' stmts_'}'    (5)
    stmts : stmts_stmt    (15)

    BOOLEAN shift 5
    DOUBLE shift 6
    INT shift 7
    BREAK shift 33
    CONTINUE shift 34
    DO shift 35
    FOR shift 36
    IDENT shift 37
    IF shift 38
    INTLIT shift 39
    NEW shift 40
    PRINT shift 41
    RETURN shift 42
    WHILE shift 43
    '!' shift 44
    '(' shift 45
    '+' shift 46
    '-' shift 47
    ';' shift 48
    '{' shift 49
    '~' shift 51
    '}' shift 52
    . error

    expr goto 29
    stmt goto 30
    type goto 31
    varDecl goto 32

state 29 (entry on expr)
    expr : expr_'+' expr    (36)
    expr : expr_'-' expr    (37)
    expr : expr_'*' expr    (38)
    expr : expr_'/' expr    (39)
    expr : expr_'<' expr    (40)
    expr : expr_'>' expr    (41)
    expr : expr_LTE expr    (42)
    expr : expr_GTE expr    (43)
    expr : expr_NEQ expr    (44)
    expr : expr_EQL expr    (45)
    expr : expr_'&' expr    (46)
    expr : expr_'|' expr    (47)
    expr : expr_'^' expr    (48)
    expr : expr_LAND expr    (49)
    expr : expr_LOR expr    (50)
    expr : expr_'[' expr ']' '=' expr    (53)
    expr : expr_'[' expr ']'    (54)
    stmt : expr_';'    (19)

    EQL shift 53
    GTE shift 54
    LAND shift 55
    LOR shift 56
    LTE shift 57
    NEQ shift 58
    '&' shift 59
    '*' shift 60
    '+' shift 61
    '-' shift 62
    '/' shift 63
    ';' shift 64
    '<' shift 65
    '>' shift 66
    '[' shift 67
    '^' shift 68
    '|' shift 69
    . error

state 30 (entry on stmt)
    stmts : stmts stmt_    (15)

    '+' reduce 15
    '(' reduce 15
    '!' reduce 15
    INTLIT reduce 15
    WHILE reduce 15
    INT reduce 15
    CONTINUE reduce 15
    '}' reduce 15
    IF reduce 15
    '{' reduce 15
    RETURN reduce 15
    IDENT reduce 15
    DOUBLE reduce 15
    PRINT reduce 15
    NEW reduce 15
    ';' reduce 15
    '-' reduce 15
    FOR reduce 15
    DO reduce 15
    '~' reduce 15
    BREAK reduce 15
    BOOLEAN reduce 15
    . error

state 31 (entry on type)
    type : type_'[' ']'    (14)
    varDecl : type_varIntro    (27)

    '[' shift 10
    IDENT shift 71
    . error

    varIntro goto 70

state 32 (entry on varDecl)
    stmt : varDecl_';'    (18)
    varDecl : varDecl_',' varIntro    (28)

    ',' shift 72
    ';' shift 73
    . error

state 33 (entry on BREAK)
    stmt : BREAK_';'    (64)

    ';' shift 74
    . error

state 34 (entry on CONTINUE)
    stmt : CONTINUE_';'    (65)

    ';' shift 75
    . error

state 35 (entry on DO)
    stmt : DO_stmt WHILE test ';'    (66)

    BOOLEAN shift 5
    DOUBLE shift 6
    INT shift 7
    BREAK shift 33
    CONTINUE shift 34
    DO shift 35
    FOR shift 36
    IDENT shift 37
    IF shift 38
    INTLIT shift 39
    NEW shift 40
    PRINT shift 41
    RETURN shift 42
    WHILE shift 43
    '!' shift 44
    '(' shift 45
    '+' shift 46
    '-' shift 47
    ';' shift 48
    '{' shift 49
    '~' shift 51
    . error

    expr goto 29
    stmt goto 76
    type goto 31
    varDecl goto 32

state 36 (entry on FOR)
    stmt : FOR_'(' init ';' optExpr ';' optExpr ')' stmt    (63)

    '(' shift 77
    . error

state 37 (entry on IDENT)
    expr : IDENT_'(' args ')'    (51)
    expr : IDENT_'=' expr    (52)
    expr : IDENT_    (56)

    '(' shift 78
    '=' shift 79
    '*' reduce 56
    LOR reduce 56
    ')' reduce 56
    '+' reduce 56
    LAND reduce 56
    EQL reduce 56
    '&' reduce 56
    '|' reduce 56
    '^' reduce 56
    ']' reduce 56
    '[' reduce 56
    '>' reduce 56
    '<' reduce 56
    GTE reduce 56
    ';' reduce 56
    '/' reduce 56
    NEQ reduce 56
    '-' reduce 56
    ',' reduce 56
    LTE reduce 56
    . error

state 38 (entry on IF)
    stmt : IF_test stmt ELSE stmt    (21)
    stmt : IF_test stmt    (22)

    '(' shift 81
    . error

    test goto 80

state 39 (entry on INTLIT)
    expr : INTLIT_    (57)

    '*' reduce 57
    LOR reduce 57
    ')' reduce 57
    '+' reduce 57
    LAND reduce 57
    EQL reduce 57
    '&' reduce 57
    '|' reduce 57
    '^' reduce 57
    ']' reduce 57
    '[' reduce 57
    '>' reduce 57
    '<' reduce 57
    GTE reduce 57
    ';' reduce 57
    '/' reduce 57
    NEQ reduce 57
    '-' reduce 57
    ',' reduce 57
    LTE reduce 57
    . error

state 40 (entry on NEW)
    expr : NEW_type '[' expr ']'    (55)

    BOOLEAN shift 5
    DOUBLE shift 6
    INT shift 7
    . error

    type goto 82

state 41 (entry on PRINT)
    stmt : PRINT_expr ';'    (23)

    IDENT shift 37
    INTLIT shift 39
    NEW shift 40
    '!' shift 44
    '(' shift 45
    '+' shift 46
    '-' shift 47
    '~' shift 51
    . error

    expr goto 83

state 42 (entry on RETURN)
    stmt : RETURN_';'    (25)
    stmt : RETURN_expr ';'    (26)

    IDENT shift 37
    INTLIT shift 39
    NEW shift 40
    '!' shift 44
    '(' shift 45
    '+' shift 46
    '-' shift 47
    '~' shift 51
    ';' shift 85
    . error

    expr goto 84

state 43 (entry on WHILE)
    stmt : WHILE_test stmt    (20)

    '(' shift 81
    . error

    test goto 86

state 44 (entry on '!')
    expr : '!'_expr    (34)

    IDENT shift 37
    INTLIT shift 39
    NEW shift 40
    '!' shift 44
    '(' shift 45
    '+' shift 46
    '-' shift 47
    '~' shift 51
    . error

    expr goto 87

state 45 (entry on '(')
    expr : '('_expr ')'    (58)

    IDENT shift 37
    INTLIT shift 39
    NEW shift 40
    '!' shift 44
    '(' shift 45
    '+' shift 46
    '-' shift 47
    '~' shift 51
    . error

    expr goto 88

state 46 (entry on '+')
    expr : '+'_expr    (33)

    IDENT shift 37
    INTLIT shift 39
    NEW shift 40
    '!' shift 44
    '(' shift 45
    '+' shift 46
    '-' shift 47
    '~' shift 51
    . error

    expr goto 89

state 47 (entry on '-')
    expr : '-'_expr    (32)

    IDENT shift 37
    INTLIT shift 39
    NEW shift 40
    '!' shift 44
    '(' shift 45
    '+' shift 46
    '-' shift 47
    '~' shift 51
    . error

    expr goto 90

state 48 (entry on ';')
    stmt : ';'_    (17)

    '+' reduce 17
    '(' reduce 17
    '!' reduce 17
    INTLIT reduce 17
    WHILE reduce 17
    INT reduce 17
    ELSE reduce 17
    CONTINUE reduce 17
    '}' reduce 17
    IF reduce 17
    '{' reduce 17
    RETURN reduce 17
    IDENT reduce 17
    DOUBLE reduce 17
    PRINT reduce 17
    NEW reduce 17
    ';' reduce 17
    '-' reduce 17
    FOR reduce 17
    DO reduce 17
    '~' reduce 17
    BREAK reduce 17
    BOOLEAN reduce 17
    . error

state 49 (entry on '{')
    stmt : '{'_stmts '}'    (24)
    stmts : _    (16)

    '+' reduce 16
    '(' reduce 16
    '!' reduce 16
    INTLIT reduce 16
    WHILE reduce 16
    INT reduce 16
    CONTINUE reduce 16
    '}' reduce 16
    IF reduce 16
    '{' reduce 16
    RETURN reduce 16
    IDENT reduce 16
    DOUBLE reduce 16
    PRINT reduce 16
    NEW reduce 16
    ';' reduce 16
    '-' reduce 16
    FOR reduce 16
    DO reduce 16
    '~' reduce 16
    BREAK reduce 16
    BOOLEAN reduce 16
    . error

    stmts goto 91

state 50 (entry on '}')
    fundef : type IDENT '(' formals ')' '{' stmts '}'_    (4)

    INT reduce 4
    $end reduce 4
    VOID reduce 4
    DOUBLE reduce 4
    BOOLEAN reduce 4
    . error

state 51 (entry on '~')
    expr : '~'_expr    (35)

    IDENT shift 37
    INTLIT shift 39
    NEW shift 40
    '!' shift 44
    '(' shift 45
    '+' shift 46
    '-' shift 47
    '~' shift 51
    . error

    expr goto 92

state 52 (entry on '}')
    fundef : VOID IDENT '(' formals ')' '{' stmts '}'_    (5)

    INT reduce 5
    $end reduce 5
    VOID reduce 5
    DOUBLE reduce 5
    BOOLEAN reduce 5
    . error

state 53 (entry on EQL)
    expr : expr EQL_expr    (45)

    IDENT shift 37
    INTLIT shift 39
    NEW shift 40
    '!' shift 44
    '(' shift 45
    '+' shift 46
    '-' shift 47
    '~' shift 51
    . error

    expr goto 93

state 54 (entry on GTE)
    expr : expr GTE_expr    (43)

    IDENT shift 37
    INTLIT shift 39
    NEW shift 40
    '!' shift 44
    '(' shift 45
    '+' shift 46
    '-' shift 47
    '~' shift 51
    . error

    expr goto 94

state 55 (entry on LAND)
    expr : expr LAND_expr    (49)

    IDENT shift 37
    INTLIT shift 39
    NEW shift 40
    '!' shift 44
    '(' shift 45
    '+' shift 46
    '-' shift 47
    '~' shift 51
    . error

    expr goto 95

state 56 (entry on LOR)
    expr : expr LOR_expr    (50)

    IDENT shift 37
    INTLIT shift 39
    NEW shift 40
    '!' shift 44
    '(' shift 45
    '+' shift 46
    '-' shift 47
    '~' shift 51
    . error

    expr goto 96

state 57 (entry on LTE)
    expr : expr LTE_expr    (42)

    IDENT shift 37
    INTLIT shift 39
    NEW shift 40
    '!' shift 44
    '(' shift 45
    '+' shift 46
    '-' shift 47
    '~' shift 51
    . error

    expr goto 97

state 58 (entry on NEQ)
    expr : expr NEQ_expr    (44)

    IDENT shift 37
    INTLIT shift 39
    NEW shift 40
    '!' shift 44
    '(' shift 45
    '+' shift 46
    '-' shift 47
    '~' shift 51
    . error

    expr goto 98

state 59 (entry on '&')
    expr : expr '&'_expr    (46)

    IDENT shift 37
    INTLIT shift 39
    NEW shift 40
    '!' shift 44
    '(' shift 45
    '+' shift 46
    '-' shift 47
    '~' shift 51
    . error

    expr goto 99

state 60 (entry on '*')
    expr : expr '*'_expr    (38)

    IDENT shift 37
    INTLIT shift 39
    NEW shift 40
    '!' shift 44
    '(' shift 45
    '+' shift 46
    '-' shift 47
    '~' shift 51
    . error

    expr goto 100

state 61 (entry on '+')
    expr : expr '+'_expr    (36)

    IDENT shift 37
    INTLIT shift 39
    NEW shift 40
    '!' shift 44
    '(' shift 45
    '+' shift 46
    '-' shift 47
    '~' shift 51
    . error

    expr goto 101

state 62 (entry on '-')
    expr : expr '-'_expr    (37)

    IDENT shift 37
    INTLIT shift 39
    NEW shift 40
    '!' shift 44
    '(' shift 45
    '+' shift 46
    '-' shift 47
    '~' shift 51
    . error

    expr goto 102

state 63 (entry on '/')
    expr : expr '/'_expr    (39)

    IDENT shift 37
    INTLIT shift 39
    NEW shift 40
    '!' shift 44
    '(' shift 45
    '+' shift 46
    '-' shift 47
    '~' shift 51
    . error

    expr goto 103

state 64 (entry on ';')
    stmt : expr ';'_    (19)

    '+' reduce 19
    '(' reduce 19
    '!' reduce 19
    INTLIT reduce 19
    WHILE reduce 19
    INT reduce 19
    ELSE reduce 19
    CONTINUE reduce 19
    '}' reduce 19
    IF reduce 19
    '{' reduce 19
    RETURN reduce 19
    IDENT reduce 19
    DOUBLE reduce 19
    PRINT reduce 19
    NEW reduce 19
    ';' reduce 19
    '-' reduce 19
    FOR reduce 19
    DO reduce 19
    '~' reduce 19
    BREAK reduce 19
    BOOLEAN reduce 19
    . error

state 65 (entry on '<')
    expr : expr '<'_expr    (40)

    IDENT shift 37
    INTLIT shift 39
    NEW shift 40
    '!' shift 44
    '(' shift 45
    '+' shift 46
    '-' shift 47
    '~' shift 51
    . error

    expr goto 104

state 66 (entry on '>')
    expr : expr '>'_expr    (41)

    IDENT shift 37
    INTLIT shift 39
    NEW shift 40
    '!' shift 44
    '(' shift 45
    '+' shift 46
    '-' shift 47
    '~' shift 51
    . error

    expr goto 105

state 67 (entry on '[')
    expr : expr '['_expr ']' '=' expr    (53)
    expr : expr '['_expr ']'    (54)

    IDENT shift 37
    INTLIT shift 39
    NEW shift 40
    '!' shift 44
    '(' shift 45
    '+' shift 46
    '-' shift 47
    '~' shift 51
    . error

    expr goto 106

state 68 (entry on '^')
    expr : expr '^'_expr    (48)

    IDENT shift 37
    INTLIT shift 39
    NEW shift 40
    '!' shift 44
    '(' shift 45
    '+' shift 46
    '-' shift 47
    '~' shift 51
    . error

    expr goto 107

state 69 (entry on '|')
    expr : expr '|'_expr    (47)

    IDENT shift 37
    INTLIT shift 39
    NEW shift 40
    '!' shift 44
    '(' shift 45
    '+' shift 46
    '-' shift 47
    '~' shift 51
    . error

    expr goto 108

state 70 (entry on varIntro)
    varDecl : type varIntro_    (27)

    ';' reduce 27
    ',' reduce 27
    . error

state 71 (entry on IDENT)
    varIntro : IDENT_'=' expr    (29)
    varIntro : IDENT_    (30)

    '=' shift 109
    ';' reduce 30
    ',' reduce 30
    . error

state 72 (entry on ',')
    varDecl : varDecl ','_varIntro    (28)

    IDENT shift 71
    . error

    varIntro goto 110

state 73 (entry on ';')
    stmt : varDecl ';'_    (18)

    '+' reduce 18
    '(' reduce 18
    '!' reduce 18
    INTLIT reduce 18
    WHILE reduce 18
    INT reduce 18
    ELSE reduce 18
    CONTINUE reduce 18
    '}' reduce 18
    IF reduce 18
    '{' reduce 18
    RETURN reduce 18
    IDENT reduce 18
    DOUBLE reduce 18
    PRINT reduce 18
    NEW reduce 18
    ';' reduce 18
    '-' reduce 18
    FOR reduce 18
    DO reduce 18
    '~' reduce 18
    BREAK reduce 18
    BOOLEAN reduce 18
    . error

state 74 (entry on ';')
    stmt : BREAK ';'_    (64)

    '+' reduce 64
    '(' reduce 64
    '!' reduce 64
    INTLIT reduce 64
    WHILE reduce 64
    INT reduce 64
    ELSE reduce 64
    CONTINUE reduce 64
    '}' reduce 64
    IF reduce 64
    '{' reduce 64
    RETURN reduce 64
    IDENT reduce 64
    DOUBLE reduce 64
    PRINT reduce 64
    NEW reduce 64
    ';' reduce 64
    '-' reduce 64
    FOR reduce 64
    DO reduce 64
    '~' reduce 64
    BREAK reduce 64
    BOOLEAN reduce 64
    . error

state 75 (entry on ';')
    stmt : CONTINUE ';'_    (65)

    '+' reduce 65
    '(' reduce 65
    '!' reduce 65
    INTLIT reduce 65
    WHILE reduce 65
    INT reduce 65
    ELSE reduce 65
    CONTINUE reduce 65
    '}' reduce 65
    IF reduce 65
    '{' reduce 65
    RETURN reduce 65
    IDENT reduce 65
    DOUBLE reduce 65
    PRINT reduce 65
    NEW reduce 65
    ';' reduce 65
    '-' reduce 65
    FOR reduce 65
    DO reduce 65
    '~' reduce 65
    BREAK reduce 65
    BOOLEAN reduce 65
    . error

state 76 (entry on stmt)
    stmt : DO stmt_WHILE test ';'    (66)

    WHILE shift 111
    . error

state 77 (entry on '(')
    init : _    (71)
    stmt : FOR '('_init ';' optExpr ';' optExpr ')' stmt    (63)

    BOOLEAN shift 5
    DOUBLE shift 6
    INT shift 7
    IDENT shift 37
    INTLIT shift 39
    NEW shift 40
    '!' shift 44
    '(' shift 45
    '+' shift 46
    '-' shift 47
    '~' shift 51
    ';' reduce 71
    . error

    expr goto 112
    init goto 113
    type goto 31
    varDecl goto 114

state 78 (entry on '(')
    expr : IDENT '('_args ')'    (51)
    args : _    (59)

    IDENT shift 37
    INTLIT shift 39
    NEW shift 40
    '!' shift 44
    '(' shift 45
    '+' shift 46
    '-' shift 47
    '~' shift 51
    ')' reduce 59
    . error

    args1 goto 115
    expr goto 116
    args goto 117

state 79 (entry on '=')
    expr : IDENT '='_expr    (52)

    IDENT shift 37
    INTLIT shift 39
    NEW shift 40
    '!' shift 44
    '(' shift 45
    '+' shift 46
    '-' shift 47
    '~' shift 51
    . error

    expr goto 118

state 80 (entry on test)
    stmt : IF test_stmt ELSE stmt    (21)
    stmt : IF test_stmt    (22)

    BOOLEAN shift 5
    DOUBLE shift 6
    INT shift 7
    BREAK shift 33
    CONTINUE shift 34
    DO shift 35
    FOR shift 36
    IDENT shift 37
    IF shift 38
    INTLIT shift 39
    NEW shift 40
    PRINT shift 41
    RETURN shift 42
    WHILE shift 43
    '!' shift 44
    '(' shift 45
    '+' shift 46
    '-' shift 47
    ';' shift 48
    '{' shift 49
    '~' shift 51
    . error

    expr goto 29
    stmt goto 119
    type goto 31
    varDecl goto 32

state 81 (entry on '(')
    test : '('_expr ')'    (31)

    IDENT shift 37
    INTLIT shift 39
    NEW shift 40
    '!' shift 44
    '(' shift 45
    '+' shift 46
    '-' shift 47
    '~' shift 51
    . error

    expr goto 120

state 82 (entry on type)
    expr : NEW type_'[' expr ']'    (55)
    type : type_'[' ']'    (14)

    '[' shift 121
    . error

state 83 (entry on expr)
    expr : expr_'+' expr    (36)
    expr : expr_'-' expr    (37)
    expr : expr_'*' expr    (38)
    expr : expr_'/' expr    (39)
    expr : expr_'<' expr    (40)
    expr : expr_'>' expr    (41)
    expr : expr_LTE expr    (42)
    expr : expr_GTE expr    (43)
    expr : expr_NEQ expr    (44)
    expr : expr_EQL expr    (45)
    expr : expr_'&' expr    (46)
    expr : expr_'|' expr    (47)
    expr : expr_'^' expr    (48)
    expr : expr_LAND expr    (49)
    expr : expr_LOR expr    (50)
    expr : expr_'[' expr ']' '=' expr    (53)
    expr : expr_'[' expr ']'    (54)
    stmt : PRINT expr_';'    (23)

    EQL shift 53
    GTE shift 54
    LAND shift 55
    LOR shift 56
    LTE shift 57
    NEQ shift 58
    '&' shift 59
    '*' shift 60
    '+' shift 61
    '-' shift 62
    '/' shift 63
    '<' shift 65
    '>' shift 66
    '[' shift 67
    '^' shift 68
    '|' shift 69
    ';' shift 122
    . error

state 84 (entry on expr)
    expr : expr_'+' expr    (36)
    expr : expr_'-' expr    (37)
    expr : expr_'*' expr    (38)
    expr : expr_'/' expr    (39)
    expr : expr_'<' expr    (40)
    expr : expr_'>' expr    (41)
    expr : expr_LTE expr    (42)
    expr : expr_GTE expr    (43)
    expr : expr_NEQ expr    (44)
    expr : expr_EQL expr    (45)
    expr : expr_'&' expr    (46)
    expr : expr_'|' expr    (47)
    expr : expr_'^' expr    (48)
    expr : expr_LAND expr    (49)
    expr : expr_LOR expr    (50)
    expr : expr_'[' expr ']' '=' expr    (53)
    expr : expr_'[' expr ']'    (54)
    stmt : RETURN expr_';'    (26)

    EQL shift 53
    GTE shift 54
    LAND shift 55
    LOR shift 56
    LTE shift 57
    NEQ shift 58
    '&' shift 59
    '*' shift 60
    '+' shift 61
    '-' shift 62
    '/' shift 63
    '<' shift 65
    '>' shift 66
    '[' shift 67
    '^' shift 68
    '|' shift 69
    ';' shift 123
    . error

state 85 (entry on ';')
    stmt : RETURN ';'_    (25)

    '+' reduce 25
    '(' reduce 25
    '!' reduce 25
    INTLIT reduce 25
    WHILE reduce 25
    INT reduce 25
    ELSE reduce 25
    CONTINUE reduce 25
    '}' reduce 25
    IF reduce 25
    '{' reduce 25
    RETURN reduce 25
    IDENT reduce 25
    DOUBLE reduce 25
    PRINT reduce 25
    NEW reduce 25
    ';' reduce 25
    '-' reduce 25
    FOR reduce 25
    DO reduce 25
    '~' reduce 25
    BREAK reduce 25
    BOOLEAN reduce 25
    . error

state 86 (entry on test)
    stmt : WHILE test_stmt    (20)

    BOOLEAN shift 5
    DOUBLE shift 6
    INT shift 7
    BREAK shift 33
    CONTINUE shift 34
    DO shift 35
    FOR shift 36
    IDENT shift 37
    IF shift 38
    INTLIT shift 39
    NEW shift 40
    PRINT shift 41
    RETURN shift 42
    WHILE shift 43
    '!' shift 44
    '(' shift 45
    '+' shift 46
    '-' shift 47
    ';' shift 48
    '{' shift 49
    '~' shift 51
    . error

    expr goto 29
    stmt goto 124
    type goto 31
    varDecl goto 32

state 87 (entry on expr)
    expr : '!' expr_    (34)
    expr : expr_'+' expr    (36)
    expr : expr_'-' expr    (37)
    expr : expr_'*' expr    (38)
    expr : expr_'/' expr    (39)
    expr : expr_'<' expr    (40)
    expr : expr_'>' expr    (41)
    expr : expr_LTE expr    (42)
    expr : expr_GTE expr    (43)
    expr : expr_NEQ expr    (44)
    expr : expr_EQL expr    (45)
    expr : expr_'&' expr    (46)
    expr : expr_'|' expr    (47)
    expr : expr_'^' expr    (48)
    expr : expr_LAND expr    (49)
    expr : expr_LOR expr    (50)
    expr : expr_'[' expr ']' '=' expr    (53)
    expr : expr_'[' expr ']'    (54)

    '[' shift 67
    '+' reduce 34
    '*' reduce 34
    LOR reduce 34
    ')' reduce 34
    LAND reduce 34
    EQL reduce 34
    '&' reduce 34
    '|' reduce 34
    '^' reduce 34
    ']' reduce 34
    '>' reduce 34
    '<' reduce 34
    GTE reduce 34
    ';' reduce 34
    '/' reduce 34
    NEQ reduce 34
    '-' reduce 34
    ',' reduce 34
    LTE reduce 34
    . error

state 88 (entry on expr)
    expr : expr_'+' expr    (36)
    expr : expr_'-' expr    (37)
    expr : expr_'*' expr    (38)
    expr : expr_'/' expr    (39)
    expr : expr_'<' expr    (40)
    expr : expr_'>' expr    (41)
    expr : expr_LTE expr    (42)
    expr : expr_GTE expr    (43)
    expr : expr_NEQ expr    (44)
    expr : expr_EQL expr    (45)
    expr : expr_'&' expr    (46)
    expr : expr_'|' expr    (47)
    expr : expr_'^' expr    (48)
    expr : expr_LAND expr    (49)
    expr : expr_LOR expr    (50)
    expr : expr_'[' expr ']' '=' expr    (53)
    expr : expr_'[' expr ']'    (54)
    expr : '(' expr_')'    (58)

    EQL shift 53
    GTE shift 54
    LAND shift 55
    LOR shift 56
    LTE shift 57
    NEQ shift 58
    '&' shift 59
    '*' shift 60
    '+' shift 61
    '-' shift 62
    '/' shift 63
    '<' shift 65
    '>' shift 66
    '[' shift 67
    '^' shift 68
    '|' shift 69
    ')' shift 125
    . error

state 89 (entry on expr)
    expr : '+' expr_    (33)
    expr : expr_'+' expr    (36)
    expr : expr_'-' expr    (37)
    expr : expr_'*' expr    (38)
    expr : expr_'/' expr    (39)
    expr : expr_'<' expr    (40)
    expr : expr_'>' expr    (41)
    expr : expr_LTE expr    (42)
    expr : expr_GTE expr    (43)
    expr : expr_NEQ expr    (44)
    expr : expr_EQL expr    (45)
    expr : expr_'&' expr    (46)
    expr : expr_'|' expr    (47)
    expr : expr_'^' expr    (48)
    expr : expr_LAND expr    (49)
    expr : expr_LOR expr    (50)
    expr : expr_'[' expr ']' '=' expr    (53)
    expr : expr_'[' expr ']'    (54)

    '[' shift 67
    '+' reduce 33
    '*' reduce 33
    LOR reduce 33
    ')' reduce 33
    LAND reduce 33
    EQL reduce 33
    '&' reduce 33
    '|' reduce 33
    '^' reduce 33
    ']' reduce 33
    '>' reduce 33
    '<' reduce 33
    GTE reduce 33
    ';' reduce 33
    '/' reduce 33
    NEQ reduce 33
    '-' reduce 33
    ',' reduce 33
    LTE reduce 33
    . error

state 90 (entry on expr)
    expr : '-' expr_    (32)
    expr : expr_'+' expr    (36)
    expr : expr_'-' expr    (37)
    expr : expr_'*' expr    (38)
    expr : expr_'/' expr    (39)
    expr : expr_'<' expr    (40)
    expr : expr_'>' expr    (41)
    expr : expr_LTE expr    (42)
    expr : expr_GTE expr    (43)
    expr : expr_NEQ expr    (44)
    expr : expr_EQL expr    (45)
    expr : expr_'&' expr    (46)
    expr : expr_'|' expr    (47)
    expr : expr_'^' expr    (48)
    expr : expr_LAND expr    (49)
    expr : expr_LOR expr    (50)
    expr : expr_'[' expr ']' '=' expr    (53)
    expr : expr_'[' expr ']'    (54)

    '[' shift 67
    '+' reduce 32
    '*' reduce 32
    LOR reduce 32
    ')' reduce 32
    LAND reduce 32
    EQL reduce 32
    '&' reduce 32
    '|' reduce 32
    '^' reduce 32
    ']' reduce 32
    '>' reduce 32
    '<' reduce 32
    GTE reduce 32
    ';' reduce 32
    '/' reduce 32
    NEQ reduce 32
    '-' reduce 32
    ',' reduce 32
    LTE reduce 32
    . error

state 91 (entry on stmts)
    stmt : '{' stmts_'}'    (24)
    stmts : stmts_stmt    (15)

    BOOLEAN shift 5
    DOUBLE shift 6
    INT shift 7
    BREAK shift 33
    CONTINUE shift 34
    DO shift 35
    FOR shift 36
    IDENT shift 37
    IF shift 38
    INTLIT shift 39
    NEW shift 40
    PRINT shift 41
    RETURN shift 42
    WHILE shift 43
    '!' shift 44
    '(' shift 45
    '+' shift 46
    '-' shift 47
    ';' shift 48
    '{' shift 49
    '~' shift 51
    '}' shift 126
    . error

    expr goto 29
    stmt goto 30
    type goto 31
    varDecl goto 32

state 92 (entry on expr)
    expr : '~' expr_    (35)
    expr : expr_'+' expr    (36)
    expr : expr_'-' expr    (37)
    expr : expr_'*' expr    (38)
    expr : expr_'/' expr    (39)
    expr : expr_'<' expr    (40)
    expr : expr_'>' expr    (41)
    expr : expr_LTE expr    (42)
    expr : expr_GTE expr    (43)
    expr : expr_NEQ expr    (44)
    expr : expr_EQL expr    (45)
    expr : expr_'&' expr    (46)
    expr : expr_'|' expr    (47)
    expr : expr_'^' expr    (48)
    expr : expr_LAND expr    (49)
    expr : expr_LOR expr    (50)
    expr : expr_'[' expr ']' '=' expr    (53)
    expr : expr_'[' expr ']'    (54)

    '[' shift 67
    '+' reduce 35
    '*' reduce 35
    LOR reduce 35
    ')' reduce 35
    LAND reduce 35
    EQL reduce 35
    '&' reduce 35
    '|' reduce 35
    '^' reduce 35
    ']' reduce 35
    '>' reduce 35
    '<' reduce 35
    GTE reduce 35
    ';' reduce 35
    '/' reduce 35
    NEQ reduce 35
    '-' reduce 35
    ',' reduce 35
    LTE reduce 35
    . error

state 93 (entry on expr)
    expr : expr_'+' expr    (36)
    expr : expr_'-' expr    (37)
    expr : expr_'*' expr    (38)
    expr : expr_'/' expr    (39)
    expr : expr_'<' expr    (40)
    expr : expr_'>' expr    (41)
    expr : expr_LTE expr    (42)
    expr : expr_GTE expr    (43)
    expr : expr_NEQ expr    (44)
    expr : expr_EQL expr    (45)
    expr : expr EQL expr_    (45)
    expr : expr_'&' expr    (46)
    expr : expr_'|' expr    (47)
    expr : expr_'^' expr    (48)
    expr : expr_LAND expr    (49)
    expr : expr_LOR expr    (50)
    expr : expr_'[' expr ']' '=' expr    (53)
    expr : expr_'[' expr ']'    (54)

    GTE shift 54
    LTE shift 57
    '*' shift 60
    '+' shift 61
    '-' shift 62
    '/' shift 63
    '<' shift 65
    '>' shift 66
    '[' shift 67
    LOR reduce 45
    ')' reduce 45
    LAND reduce 45
    EQL reduce 45
    '&' reduce 45
    '|' reduce 45
    '^' reduce 45
    ']' reduce 45
    ';' reduce 45
    NEQ reduce 45
    ',' reduce 45
    . error

state 94 (entry on expr)
    expr : expr_'+' expr    (36)
    expr : expr_'-' expr    (37)
    expr : expr_'*' expr    (38)
    expr : expr_'/' expr    (39)
    expr : expr_'<' expr    (40)
    expr : expr_'>' expr    (41)
    expr : expr_LTE expr    (42)
    expr : expr_GTE expr    (43)
    expr : expr GTE expr_    (43)
    expr : expr_NEQ expr    (44)
    expr : expr_EQL expr    (45)
    expr : expr_'&' expr    (46)
    expr : expr_'|' expr    (47)
    expr : expr_'^' expr    (48)
    expr : expr_LAND expr    (49)
    expr : expr_LOR expr    (50)
    expr : expr_'[' expr ']' '=' expr    (53)
    expr : expr_'[' expr ']'    (54)

    '*' shift 60
    '+' shift 61
    '-' shift 62
    '/' shift 63
    '[' shift 67
    LOR reduce 43
    ')' reduce 43
    LAND reduce 43
    EQL reduce 43
    '&' reduce 43
    '|' reduce 43
    '^' reduce 43
    ']' reduce 43
    '>' reduce 43
    '<' reduce 43
    GTE reduce 43
    ';' reduce 43
    NEQ reduce 43
    ',' reduce 43
    LTE reduce 43
    . error

state 95 (entry on expr)
    expr : expr_'+' expr    (36)
    expr : expr_'-' expr    (37)
    expr : expr_'*' expr    (38)
    expr : expr_'/' expr    (39)
    expr : expr_'<' expr    (40)
    expr : expr_'>' expr    (41)
    expr : expr_LTE expr    (42)
    expr : expr_GTE expr    (43)
    expr : expr_NEQ expr    (44)
    expr : expr_EQL expr    (45)
    expr : expr_'&' expr    (46)
    expr : expr_'|' expr    (47)
    expr : expr_'^' expr    (48)
    expr : expr_LAND expr    (49)
    expr : expr LAND expr_    (49)
    expr : expr_LOR expr    (50)
    expr : expr_'[' expr ']' '=' expr    (53)
    expr : expr_'[' expr ']'    (54)

    EQL shift 53
    GTE shift 54
    LTE shift 57
    NEQ shift 58
    '&' shift 59
    '*' shift 60
    '+' shift 61
    '-' shift 62
    '/' shift 63
    '<' shift 65
    '>' shift 66
    '[' shift 67
    '^' shift 68
    '|' shift 69
    LOR reduce 49
    ')' reduce 49
    LAND reduce 49
    ']' reduce 49
    ';' reduce 49
    ',' reduce 49
    . error

state 96 (entry on expr)
    expr : expr_'+' expr    (36)
    expr : expr_'-' expr    (37)
    expr : expr_'*' expr    (38)
    expr : expr_'/' expr    (39)
    expr : expr_'<' expr    (40)
    expr : expr_'>' expr    (41)
    expr : expr_LTE expr    (42)
    expr : expr_GTE expr    (43)
    expr : expr_NEQ expr    (44)
    expr : expr_EQL expr    (45)
    expr : expr_'&' expr    (46)
    expr : expr_'|' expr    (47)
    expr : expr_'^' expr    (48)
    expr : expr_LAND expr    (49)
    expr : expr_LOR expr    (50)
    expr : expr LOR expr_    (50)
    expr : expr_'[' expr ']' '=' expr    (53)
    expr : expr_'[' expr ']'    (54)

    EQL shift 53
    GTE shift 54
    LAND shift 55
    LTE shift 57
    NEQ shift 58
    '&' shift 59
    '*' shift 60
    '+' shift 61
    '-' shift 62
    '/' shift 63
    '<' shift 65
    '>' shift 66
    '[' shift 67
    '^' shift 68
    '|' shift 69
    LOR reduce 50
    ')' reduce 50
    ']' reduce 50
    ';' reduce 50
    ',' reduce 50
    . error

state 97 (entry on expr)
    expr : expr_'+' expr    (36)
    expr : expr_'-' expr    (37)
    expr : expr_'*' expr    (38)
    expr : expr_'/' expr    (39)
    expr : expr_'<' expr    (40)
    expr : expr_'>' expr    (41)
    expr : expr_LTE expr    (42)
    expr : expr LTE expr_    (42)
    expr : expr_GTE expr    (43)
    expr : expr_NEQ expr    (44)
    expr : expr_EQL expr    (45)
    expr : expr_'&' expr    (46)
    expr : expr_'|' expr    (47)
    expr : expr_'^' expr    (48)
    expr : expr_LAND expr    (49)
    expr : expr_LOR expr    (50)
    expr : expr_'[' expr ']' '=' expr    (53)
    expr : expr_'[' expr ']'    (54)

    '*' shift 60
    '+' shift 61
    '-' shift 62
    '/' shift 63
    '[' shift 67
    LOR reduce 42
    ')' reduce 42
    LAND reduce 42
    EQL reduce 42
    '&' reduce 42
    '|' reduce 42
    '^' reduce 42
    ']' reduce 42
    '>' reduce 42
    '<' reduce 42
    GTE reduce 42
    ';' reduce 42
    NEQ reduce 42
    ',' reduce 42
    LTE reduce 42
    . error

state 98 (entry on expr)
    expr : expr_'+' expr    (36)
    expr : expr_'-' expr    (37)
    expr : expr_'*' expr    (38)
    expr : expr_'/' expr    (39)
    expr : expr_'<' expr    (40)
    expr : expr_'>' expr    (41)
    expr : expr_LTE expr    (42)
    expr : expr_GTE expr    (43)
    expr : expr_NEQ expr    (44)
    expr : expr NEQ expr_    (44)
    expr : expr_EQL expr    (45)
    expr : expr_'&' expr    (46)
    expr : expr_'|' expr    (47)
    expr : expr_'^' expr    (48)
    expr : expr_LAND expr    (49)
    expr : expr_LOR expr    (50)
    expr : expr_'[' expr ']' '=' expr    (53)
    expr : expr_'[' expr ']'    (54)

    GTE shift 54
    LTE shift 57
    '*' shift 60
    '+' shift 61
    '-' shift 62
    '/' shift 63
    '<' shift 65
    '>' shift 66
    '[' shift 67
    LOR reduce 44
    ')' reduce 44
    LAND reduce 44
    EQL reduce 44
    '&' reduce 44
    '|' reduce 44
    '^' reduce 44
    ']' reduce 44
    ';' reduce 44
    NEQ reduce 44
    ',' reduce 44
    . error

state 99 (entry on expr)
    expr : expr_'+' expr    (36)
    expr : expr_'-' expr    (37)
    expr : expr_'*' expr    (38)
    expr : expr_'/' expr    (39)
    expr : expr_'<' expr    (40)
    expr : expr_'>' expr    (41)
    expr : expr_LTE expr    (42)
    expr : expr_GTE expr    (43)
    expr : expr_NEQ expr    (44)
    expr : expr_EQL expr    (45)
    expr : expr_'&' expr    (46)
    expr : expr '&' expr_    (46)
    expr : expr_'|' expr    (47)
    expr : expr_'^' expr    (48)
    expr : expr_LAND expr    (49)
    expr : expr_LOR expr    (50)
    expr : expr_'[' expr ']' '=' expr    (53)
    expr : expr_'[' expr ']'    (54)

    EQL shift 53
    GTE shift 54
    LTE shift 57
    NEQ shift 58
    '*' shift 60
    '+' shift 61
    '-' shift 62
    '/' shift 63
    '<' shift 65
    '>' shift 66
    '[' shift 67
    LOR reduce 46
    ')' reduce 46
    LAND reduce 46
    '&' reduce 46
    '|' reduce 46
    '^' reduce 46
    ']' reduce 46
    ';' reduce 46
    ',' reduce 46
    . error

state 100 (entry on expr)
    expr : expr_'+' expr    (36)
    expr : expr_'-' expr    (37)
    expr : expr_'*' expr    (38)
    expr : expr '*' expr_    (38)
    expr : expr_'/' expr    (39)
    expr : expr_'<' expr    (40)
    expr : expr_'>' expr    (41)
    expr : expr_LTE expr    (42)
    expr : expr_GTE expr    (43)
    expr : expr_NEQ expr    (44)
    expr : expr_EQL expr    (45)
    expr : expr_'&' expr    (46)
    expr : expr_'|' expr    (47)
    expr : expr_'^' expr    (48)
    expr : expr_LAND expr    (49)
    expr : expr_LOR expr    (50)
    expr : expr_'[' expr ']' '=' expr    (53)
    expr : expr_'[' expr ']'    (54)

    '[' shift 67
    '+' reduce 38
    '*' reduce 38
    LOR reduce 38
    ')' reduce 38
    LAND reduce 38
    EQL reduce 38
    '&' reduce 38
    '|' reduce 38
    '^' reduce 38
    ']' reduce 38
    '>' reduce 38
    '<' reduce 38
    GTE reduce 38
    ';' reduce 38
    '/' reduce 38
    NEQ reduce 38
    '-' reduce 38
    ',' reduce 38
    LTE reduce 38
    . error

state 101 (entry on expr)
    expr : expr_'+' expr    (36)
    expr : expr '+' expr_    (36)
    expr : expr_'-' expr    (37)
    expr : expr_'*' expr    (38)
    expr : expr_'/' expr    (39)
    expr : expr_'<' expr    (40)
    expr : expr_'>' expr    (41)
    expr : expr_LTE expr    (42)
    expr : expr_GTE expr    (43)
    expr : expr_NEQ expr    (44)
    expr : expr_EQL expr    (45)
    expr : expr_'&' expr    (46)
    expr : expr_'|' expr    (47)
    expr : expr_'^' expr    (48)
    expr : expr_LAND expr    (49)
    expr : expr_LOR expr    (50)
    expr : expr_'[' expr ']' '=' expr    (53)
    expr : expr_'[' expr ']'    (54)

    '*' shift 60
    '/' shift 63
    '[' shift 67
    '+' reduce 36
    LOR reduce 36
    ')' reduce 36
    LAND reduce 36
    EQL reduce 36
    '&' reduce 36
    '|' reduce 36
    '^' reduce 36
    ']' reduce 36
    '>' reduce 36
    '<' reduce 36
    GTE reduce 36
    ';' reduce 36
    NEQ reduce 36
    '-' reduce 36
    ',' reduce 36
    LTE reduce 36
    . error

state 102 (entry on expr)
    expr : expr_'+' expr    (36)
    expr : expr_'-' expr    (37)
    expr : expr '-' expr_    (37)
    expr : expr_'*' expr    (38)
    expr : expr_'/' expr    (39)
    expr : expr_'<' expr    (40)
    expr : expr_'>' expr    (41)
    expr : expr_LTE expr    (42)
    expr : expr_GTE expr    (43)
    expr : expr_NEQ expr    (44)
    expr : expr_EQL expr    (45)
    expr : expr_'&' expr    (46)
    expr : expr_'|' expr    (47)
    expr : expr_'^' expr    (48)
    expr : expr_LAND expr    (49)
    expr : expr_LOR expr    (50)
    expr : expr_'[' expr ']' '=' expr    (53)
    expr : expr_'[' expr ']'    (54)

    '*' shift 60
    '/' shift 63
    '[' shift 67
    '+' reduce 37
    LOR reduce 37
    ')' reduce 37
    LAND reduce 37
    EQL reduce 37
    '&' reduce 37
    '|' reduce 37
    '^' reduce 37
    ']' reduce 37
    '>' reduce 37
    '<' reduce 37
    GTE reduce 37
    ';' reduce 37
    NEQ reduce 37
    '-' reduce 37
    ',' reduce 37
    LTE reduce 37
    . error

state 103 (entry on expr)
    expr : expr_'+' expr    (36)
    expr : expr_'-' expr    (37)
    expr : expr_'*' expr    (38)
    expr : expr_'/' expr    (39)
    expr : expr '/' expr_    (39)
    expr : expr_'<' expr    (40)
    expr : expr_'>' expr    (41)
    expr : expr_LTE expr    (42)
    expr : expr_GTE expr    (43)
    expr : expr_NEQ expr    (44)
    expr : expr_EQL expr    (45)
    expr : expr_'&' expr    (46)
    expr : expr_'|' expr    (47)
    expr : expr_'^' expr    (48)
    expr : expr_LAND expr    (49)
    expr : expr_LOR expr    (50)
    expr : expr_'[' expr ']' '=' expr    (53)
    expr : expr_'[' expr ']'    (54)

    '[' shift 67
    '+' reduce 39
    '*' reduce 39
    LOR reduce 39
    ')' reduce 39
    LAND reduce 39
    EQL reduce 39
    '&' reduce 39
    '|' reduce 39
    '^' reduce 39
    ']' reduce 39
    '>' reduce 39
    '<' reduce 39
    GTE reduce 39
    ';' reduce 39
    '/' reduce 39
    NEQ reduce 39
    '-' reduce 39
    ',' reduce 39
    LTE reduce 39
    . error

state 104 (entry on expr)
    expr : expr_'+' expr    (36)
    expr : expr_'-' expr    (37)
    expr : expr_'*' expr    (38)
    expr : expr_'/' expr    (39)
    expr : expr_'<' expr    (40)
    expr : expr '<' expr_    (40)
    expr : expr_'>' expr    (41)
    expr : expr_LTE expr    (42)
    expr : expr_GTE expr    (43)
    expr : expr_NEQ expr    (44)
    expr : expr_EQL expr    (45)
    expr : expr_'&' expr    (46)
    expr : expr_'|' expr    (47)
    expr : expr_'^' expr    (48)
    expr : expr_LAND expr    (49)
    expr : expr_LOR expr    (50)
    expr : expr_'[' expr ']' '=' expr    (53)
    expr : expr_'[' expr ']'    (54)

    '*' shift 60
    '+' shift 61
    '-' shift 62
    '/' shift 63
    '[' shift 67
    LOR reduce 40
    ')' reduce 40
    LAND reduce 40
    EQL reduce 40
    '&' reduce 40
    '|' reduce 40
    '^' reduce 40
    ']' reduce 40
    '>' reduce 40
    '<' reduce 40
    GTE reduce 40
    ';' reduce 40
    NEQ reduce 40
    ',' reduce 40
    LTE reduce 40
    . error

state 105 (entry on expr)
    expr : expr_'+' expr    (36)
    expr : expr_'-' expr    (37)
    expr : expr_'*' expr    (38)
    expr : expr_'/' expr    (39)
    expr : expr_'<' expr    (40)
    expr : expr_'>' expr    (41)
    expr : expr '>' expr_    (41)
    expr : expr_LTE expr    (42)
    expr : expr_GTE expr    (43)
    expr : expr_NEQ expr    (44)
    expr : expr_EQL expr    (45)
    expr : expr_'&' expr    (46)
    expr : expr_'|' expr    (47)
    expr : expr_'^' expr    (48)
    expr : expr_LAND expr    (49)
    expr : expr_LOR expr    (50)
    expr : expr_'[' expr ']' '=' expr    (53)
    expr : expr_'[' expr ']'    (54)

    '*' shift 60
    '+' shift 61
    '-' shift 62
    '/' shift 63
    '[' shift 67
    LOR reduce 41
    ')' reduce 41
    LAND reduce 41
    EQL reduce 41
    '&' reduce 41
    '|' reduce 41
    '^' reduce 41
    ']' reduce 41
    '>' reduce 41
    '<' reduce 41
    GTE reduce 41
    ';' reduce 41
    NEQ reduce 41
    ',' reduce 41
    LTE reduce 41
    . error

state 106 (entry on expr)
    expr : expr_'+' expr    (36)
    expr : expr_'-' expr    (37)
    expr : expr_'*' expr    (38)
    expr : expr_'/' expr    (39)
    expr : expr_'<' expr    (40)
    expr : expr_'>' expr    (41)
    expr : expr_LTE expr    (42)
    expr : expr_GTE expr    (43)
    expr : expr_NEQ expr    (44)
    expr : expr_EQL expr    (45)
    expr : expr_'&' expr    (46)
    expr : expr_'|' expr    (47)
    expr : expr_'^' expr    (48)
    expr : expr_LAND expr    (49)
    expr : expr_LOR expr    (50)
    expr : expr_'[' expr ']' '=' expr    (53)
    expr : expr '[' expr_']' '=' expr    (53)
    expr : expr_'[' expr ']'    (54)
    expr : expr '[' expr_']'    (54)

    EQL shift 53
    GTE shift 54
    LAND shift 55
    LOR shift 56
    LTE shift 57
    NEQ shift 58
    '&' shift 59
    '*' shift 60
    '+' shift 61
    '-' shift 62
    '/' shift 63
    '<' shift 65
    '>' shift 66
    '[' shift 67
    '^' shift 68
    '|' shift 69
    ']' shift 127
    . error

state 107 (entry on expr)
    expr : expr_'+' expr    (36)
    expr : expr_'-' expr    (37)
    expr : expr_'*' expr    (38)
    expr : expr_'/' expr    (39)
    expr : expr_'<' expr    (40)
    expr : expr_'>' expr    (41)
    expr : expr_LTE expr    (42)
    expr : expr_GTE expr    (43)
    expr : expr_NEQ expr    (44)
    expr : expr_EQL expr    (45)
    expr : expr_'&' expr    (46)
    expr : expr_'|' expr    (47)
    expr : expr_'^' expr    (48)
    expr : expr '^' expr_    (48)
    expr : expr_LAND expr    (49)
    expr : expr_LOR expr    (50)
    expr : expr_'[' expr ']' '=' expr    (53)
    expr : expr_'[' expr ']'    (54)

    EQL shift 53
    GTE shift 54
    LTE shift 57
    NEQ shift 58
    '&' shift 59
    '*' shift 60
    '+' shift 61
    '-' shift 62
    '/' shift 63
    '<' shift 65
    '>' shift 66
    '[' shift 67
    LOR reduce 48
    ')' reduce 48
    LAND reduce 48
    '|' reduce 48
    '^' reduce 48
    ']' reduce 48
    ';' reduce 48
    ',' reduce 48
    . error

state 108 (entry on expr)
    expr : expr_'+' expr    (36)
    expr : expr_'-' expr    (37)
    expr : expr_'*' expr    (38)
    expr : expr_'/' expr    (39)
    expr : expr_'<' expr    (40)
    expr : expr_'>' expr    (41)
    expr : expr_LTE expr    (42)
    expr : expr_GTE expr    (43)
    expr : expr_NEQ expr    (44)
    expr : expr_EQL expr    (45)
    expr : expr_'&' expr    (46)
    expr : expr_'|' expr    (47)
    expr : expr '|' expr_    (47)
    expr : expr_'^' expr    (48)
    expr : expr_LAND expr    (49)
    expr : expr_LOR expr    (50)
    expr : expr_'[' expr ']' '=' expr    (53)
    expr : expr_'[' expr ']'    (54)

    EQL shift 53
    GTE shift 54
    LTE shift 57
    NEQ shift 58
    '&' shift 59
    '*' shift 60
    '+' shift 61
    '-' shift 62
    '/' shift 63
    '<' shift 65
    '>' shift 66
    '[' shift 67
    '^' shift 68
    LOR reduce 47
    ')' reduce 47
    LAND reduce 47
    '|' reduce 47
    ']' reduce 47
    ';' reduce 47
    ',' reduce 47
    . error

state 109 (entry on '=')
    varIntro : IDENT '='_expr    (29)

    IDENT shift 37
    INTLIT shift 39
    NEW shift 40
    '!' shift 44
    '(' shift 45
    '+' shift 46
    '-' shift 47
    '~' shift 51
    . error

    expr goto 128

state 110 (entry on varIntro)
    varDecl : varDecl ',' varIntro_    (28)

    ';' reduce 28
    ',' reduce 28
    . error

state 111 (entry on WHILE)
    stmt : DO stmt WHILE_test ';'    (66)

    '(' shift 81
    . error

    test goto 129

state 112 (entry on expr)
    expr : expr_'+' expr    (36)
    expr : expr_'-' expr    (37)
    expr : expr_'*' expr    (38)
    expr : expr_'/' expr    (39)
    expr : expr_'<' expr    (40)
    expr : expr_'>' expr    (41)
    expr : expr_LTE expr    (42)
    expr : expr_GTE expr    (43)
    expr : expr_NEQ expr    (44)
    expr : expr_EQL expr    (45)
    expr : expr_'&' expr    (46)
    expr : expr_'|' expr    (47)
    expr : expr_'^' expr    (48)
    expr : expr_LAND expr    (49)
    expr : expr_LOR expr    (50)
    expr : expr_'[' expr ']' '=' expr    (53)
    expr : expr_'[' expr ']'    (54)
    init : expr_    (70)

    EQL shift 53
    GTE shift 54
    LAND shift 55
    LOR shift 56
    LTE shift 57
    NEQ shift 58
    '&' shift 59
    '*' shift 60
    '+' shift 61
    '-' shift 62
    '/' shift 63
    '<' shift 65
    '>' shift 66
    '[' shift 67
    '^' shift 68
    '|' shift 69
    ';' reduce 70
    . error

state 113 (entry on init)
    stmt : FOR '(' init_';' optExpr ';' optExpr ')' stmt    (63)

    ';' shift 130
    . error

state 114 (entry on varDecl)
    init : varDecl_    (69)
    varDecl : varDecl_',' varIntro    (28)

    ',' shift 72
    ';' reduce 69
    . error

state 115 (entry on args1)
    args : args1_    (60)

    ')' reduce 60
    . error

state 116 (entry on expr)
    args1 : expr_',' args1    (61)
    args1 : expr_    (62)
    expr : expr_'+' expr    (36)
    expr : expr_'-' expr    (37)
    expr : expr_'*' expr    (38)
    expr : expr_'/' expr    (39)
    expr : expr_'<' expr    (40)
    expr : expr_'>' expr    (41)
    expr : expr_LTE expr    (42)
    expr : expr_GTE expr    (43)
    expr : expr_NEQ expr    (44)
    expr : expr_EQL expr    (45)
    expr : expr_'&' expr    (46)
    expr : expr_'|' expr    (47)
    expr : expr_'^' expr    (48)
    expr : expr_LAND expr    (49)
    expr : expr_LOR expr    (50)
    expr : expr_'[' expr ']' '=' expr    (53)
    expr : expr_'[' expr ']'    (54)

    EQL shift 53
    GTE shift 54
    LAND shift 55
    LOR shift 56
    LTE shift 57
    NEQ shift 58
    '&' shift 59
    '*' shift 60
    '+' shift 61
    '-' shift 62
    '/' shift 63
    '<' shift 65
    '>' shift 66
    '[' shift 67
    '^' shift 68
    '|' shift 69
    ',' shift 131
    ')' reduce 62
    . error

state 117 (entry on args)
    expr : IDENT '(' args_')'    (51)

    ')' shift 132
    . error

state 118 (entry on expr)
    expr : expr_'+' expr    (36)
    expr : expr_'-' expr    (37)
    expr : expr_'*' expr    (38)
    expr : expr_'/' expr    (39)
    expr : expr_'<' expr    (40)
    expr : expr_'>' expr    (41)
    expr : expr_LTE expr    (42)
    expr : expr_GTE expr    (43)
    expr : expr_NEQ expr    (44)
    expr : expr_EQL expr    (45)
    expr : expr_'&' expr    (46)
    expr : expr_'|' expr    (47)
    expr : expr_'^' expr    (48)
    expr : expr_LAND expr    (49)
    expr : expr_LOR expr    (50)
    expr : IDENT '=' expr_    (52)
    expr : expr_'[' expr ']' '=' expr    (53)
    expr : expr_'[' expr ']'    (54)

    EQL shift 53
    GTE shift 54
    LAND shift 55
    LOR shift 56
    LTE shift 57
    NEQ shift 58
    '&' shift 59
    '*' shift 60
    '+' shift 61
    '-' shift 62
    '/' shift 63
    '<' shift 65
    '>' shift 66
    '[' shift 67
    '^' shift 68
    '|' shift 69
    ')' reduce 52
    ']' reduce 52
    ';' reduce 52
    ',' reduce 52
    . error

119: shift/reduce conflict (shift 133 and red'n 22) on ELSE
state 119 (entry on stmt)
    stmt : IF test stmt_ELSE stmt    (21)
    stmt : IF test stmt_    (22)

    ELSE shift 133
    '+' reduce 22
    '(' reduce 22
    '!' reduce 22
    INTLIT reduce 22
    WHILE reduce 22
    INT reduce 22
    CONTINUE reduce 22
    '}' reduce 22
    IF reduce 22
    '{' reduce 22
    RETURN reduce 22
    IDENT reduce 22
    DOUBLE reduce 22
    PRINT reduce 22
    NEW reduce 22
    ';' reduce 22
    '-' reduce 22
    FOR reduce 22
    DO reduce 22
    '~' reduce 22
    BREAK reduce 22
    BOOLEAN reduce 22
    . error

state 120 (entry on expr)
    expr : expr_'+' expr    (36)
    expr : expr_'-' expr    (37)
    expr : expr_'*' expr    (38)
    expr : expr_'/' expr    (39)
    expr : expr_'<' expr    (40)
    expr : expr_'>' expr    (41)
    expr : expr_LTE expr    (42)
    expr : expr_GTE expr    (43)
    expr : expr_NEQ expr    (44)
    expr : expr_EQL expr    (45)
    expr : expr_'&' expr    (46)
    expr : expr_'|' expr    (47)
    expr : expr_'^' expr    (48)
    expr : expr_LAND expr    (49)
    expr : expr_LOR expr    (50)
    expr : expr_'[' expr ']' '=' expr    (53)
    expr : expr_'[' expr ']'    (54)
    test : '(' expr_')'    (31)

    EQL shift 53
    GTE shift 54
    LAND shift 55
    LOR shift 56
    LTE shift 57
    NEQ shift 58
    '&' shift 59
    '*' shift 60
    '+' shift 61
    '-' shift 62
    '/' shift 63
    '<' shift 65
    '>' shift 66
    '[' shift 67
    '^' shift 68
    '|' shift 69
    ')' shift 134
    . error

state 121 (entry on '[')
    expr : NEW type '['_expr ']'    (55)
    type : type '['_']'    (14)

    ']' shift 13
    IDENT shift 37
    INTLIT shift 39
    NEW shift 40
    '!' shift 44
    '(' shift 45
    '+' shift 46
    '-' shift 47
    '~' shift 51
    . error

    expr goto 135

state 122 (entry on ';')
    stmt : PRINT expr ';'_    (23)

    '+' reduce 23
    '(' reduce 23
    '!' reduce 23
    INTLIT reduce 23
    WHILE reduce 23
    INT reduce 23
    ELSE reduce 23
    CONTINUE reduce 23
    '}' reduce 23
    IF reduce 23
    '{' reduce 23
    RETURN reduce 23
    IDENT reduce 23
    DOUBLE reduce 23
    PRINT reduce 23
    NEW reduce 23
    ';' reduce 23
    '-' reduce 23
    FOR reduce 23
    DO reduce 23
    '~' reduce 23
    BREAK reduce 23
    BOOLEAN reduce 23
    . error

state 123 (entry on ';')
    stmt : RETURN expr ';'_    (26)

    '+' reduce 26
    '(' reduce 26
    '!' reduce 26
    INTLIT reduce 26
    WHILE reduce 26
    INT reduce 26
    ELSE reduce 26
    CONTINUE reduce 26
    '}' reduce 26
    IF reduce 26
    '{' reduce 26
    RETURN reduce 26
    IDENT reduce 26
    DOUBLE reduce 26
    PRINT reduce 26
    NEW reduce 26
    ';' reduce 26
    '-' reduce 26
    FOR reduce 26
    DO reduce 26
    '~' reduce 26
    BREAK reduce 26
    BOOLEAN reduce 26
    . error

state 124 (entry on stmt)
    stmt : WHILE test stmt_    (20)

    '+' reduce 20
    '(' reduce 20
    '!' reduce 20
    INTLIT reduce 20
    WHILE reduce 20
    INT reduce 20
    ELSE reduce 20
    CONTINUE reduce 20
    '}' reduce 20
    IF reduce 20
    '{' reduce 20
    RETURN reduce 20
    IDENT reduce 20
    DOUBLE reduce 20
    PRINT reduce 20
    NEW reduce 20
    ';' reduce 20
    '-' reduce 20
    FOR reduce 20
    DO reduce 20
    '~' reduce 20
    BREAK reduce 20
    BOOLEAN reduce 20
    . error

state 125 (entry on ')')
    expr : '(' expr ')'_    (58)

    '*' reduce 58
    LOR reduce 58
    ')' reduce 58
    '+' reduce 58
    LAND reduce 58
    EQL reduce 58
    '&' reduce 58
    '|' reduce 58
    '^' reduce 58
    ']' reduce 58
    '[' reduce 58
    '>' reduce 58
    '<' reduce 58
    GTE reduce 58
    ';' reduce 58
    '/' reduce 58
    NEQ reduce 58
    '-' reduce 58
    ',' reduce 58
    LTE reduce 58
    . error

state 126 (entry on '}')
    stmt : '{' stmts '}'_    (24)

    '+' reduce 24
    '(' reduce 24
    '!' reduce 24
    INTLIT reduce 24
    WHILE reduce 24
    INT reduce 24
    ELSE reduce 24
    CONTINUE reduce 24
    '}' reduce 24
    IF reduce 24
    '{' reduce 24
    RETURN reduce 24
    IDENT reduce 24
    DOUBLE reduce 24
    PRINT reduce 24
    NEW reduce 24
    ';' reduce 24
    '-' reduce 24
    FOR reduce 24
    DO reduce 24
    '~' reduce 24
    BREAK reduce 24
    BOOLEAN reduce 24
    . error

state 127 (entry on ']')
    expr : expr '[' expr ']'_'=' expr    (53)
    expr : expr '[' expr ']'_    (54)

    '=' shift 136
    '*' reduce 54
    LOR reduce 54
    ')' reduce 54
    '+' reduce 54
    LAND reduce 54
    EQL reduce 54
    '&' reduce 54
    '|' reduce 54
    '^' reduce 54
    ']' reduce 54
    '[' reduce 54
    '>' reduce 54
    '<' reduce 54
    GTE reduce 54
    ';' reduce 54
    '/' reduce 54
    NEQ reduce 54
    '-' reduce 54
    ',' reduce 54
    LTE reduce 54
    . error

state 128 (entry on expr)
    expr : expr_'+' expr    (36)
    expr : expr_'-' expr    (37)
    expr : expr_'*' expr    (38)
    expr : expr_'/' expr    (39)
    expr : expr_'<' expr    (40)
    expr : expr_'>' expr    (41)
    expr : expr_LTE expr    (42)
    expr : expr_GTE expr    (43)
    expr : expr_NEQ expr    (44)
    expr : expr_EQL expr    (45)
    expr : expr_'&' expr    (46)
    expr : expr_'|' expr    (47)
    expr : expr_'^' expr    (48)
    expr : expr_LAND expr    (49)
    expr : expr_LOR expr    (50)
    expr : expr_'[' expr ']' '=' expr    (53)
    expr : expr_'[' expr ']'    (54)
    varIntro : IDENT '=' expr_    (29)

    EQL shift 53
    GTE shift 54
    LAND shift 55
    LOR shift 56
    LTE shift 57
    NEQ shift 58
    '&' shift 59
    '*' shift 60
    '+' shift 61
    '-' shift 62
    '/' shift 63
    '<' shift 65
    '>' shift 66
    '[' shift 67
    '^' shift 68
    '|' shift 69
    ';' reduce 29
    ',' reduce 29
    . error

state 129 (entry on test)
    stmt : DO stmt WHILE test_';'    (66)

    ';' shift 137
    . error

state 130 (entry on ';')
    optExpr : _    (68)
    stmt : FOR '(' init ';'_optExpr ';' optExpr ')' stmt    (63)

    IDENT shift 37
    INTLIT shift 39
    NEW shift 40
    '!' shift 44
    '(' shift 45
    '+' shift 46
    '-' shift 47
    '~' shift 51
    ';' reduce 68
    . error

    expr goto 138
    optExpr goto 139

state 131 (entry on ',')
    args1 : expr ','_args1    (61)

    IDENT shift 37
    INTLIT shift 39
    NEW shift 40
    '!' shift 44
    '(' shift 45
    '+' shift 46
    '-' shift 47
    '~' shift 51
    . error

    args1 goto 140
    expr goto 116

state 132 (entry on ')')
    expr : IDENT '(' args ')'_    (51)

    '*' reduce 51
    LOR reduce 51
    ')' reduce 51
    '+' reduce 51
    LAND reduce 51
    EQL reduce 51
    '&' reduce 51
    '|' reduce 51
    '^' reduce 51
    ']' reduce 51
    '[' reduce 51
    '>' reduce 51
    '<' reduce 51
    GTE reduce 51
    ';' reduce 51
    '/' reduce 51
    NEQ reduce 51
    '-' reduce 51
    ',' reduce 51
    LTE reduce 51
    . error

state 133 (entry on ELSE)
    stmt : IF test stmt ELSE_stmt    (21)

    BOOLEAN shift 5
    DOUBLE shift 6
    INT shift 7
    BREAK shift 33
    CONTINUE shift 34
    DO shift 35
    FOR shift 36
    IDENT shift 37
    IF shift 38
    INTLIT shift 39
    NEW shift 40
    PRINT shift 41
    RETURN shift 42
    WHILE shift 43
    '!' shift 44
    '(' shift 45
    '+' shift 46
    '-' shift 47
    ';' shift 48
    '{' shift 49
    '~' shift 51
    . error

    expr goto 29
    stmt goto 141
    type goto 31
    varDecl goto 32

state 134 (entry on ')')
    test : '(' expr ')'_    (31)

    '+' reduce 31
    '(' reduce 31
    '!' reduce 31
    INTLIT reduce 31
    WHILE reduce 31
    INT reduce 31
    CONTINUE reduce 31
    '~' reduce 31
    IF reduce 31
    '{' reduce 31
    RETURN reduce 31
    IDENT reduce 31
    DOUBLE reduce 31
    PRINT reduce 31
    NEW reduce 31
    ';' reduce 31
    '-' reduce 31
    FOR reduce 31
    DO reduce 31
    BREAK reduce 31
    BOOLEAN reduce 31
    . error

state 135 (entry on expr)
    expr : expr_'+' expr    (36)
    expr : expr_'-' expr    (37)
    expr : expr_'*' expr    (38)
    expr : expr_'/' expr    (39)
    expr : expr_'<' expr    (40)
    expr : expr_'>' expr    (41)
    expr : expr_LTE expr    (42)
    expr : expr_GTE expr    (43)
    expr : expr_NEQ expr    (44)
    expr : expr_EQL expr    (45)
    expr : expr_'&' expr    (46)
    expr : expr_'|' expr    (47)
    expr : expr_'^' expr    (48)
    expr : expr_LAND expr    (49)
    expr : expr_LOR expr    (50)
    expr : expr_'[' expr ']' '=' expr    (53)
    expr : expr_'[' expr ']'    (54)
    expr : NEW type '[' expr_']'    (55)

    EQL shift 53
    GTE shift 54
    LAND shift 55
    LOR shift 56
    LTE shift 57
    NEQ shift 58
    '&' shift 59
    '*' shift 60
    '+' shift 61
    '-' shift 62
    '/' shift 63
    '<' shift 65
    '>' shift 66
    '[' shift 67
    '^' shift 68
    '|' shift 69
    ']' shift 142
    . error

state 136 (entry on '=')
    expr : expr '[' expr ']' '='_expr    (53)

    IDENT shift 37
    INTLIT shift 39
    NEW shift 40
    '!' shift 44
    '(' shift 45
    '+' shift 46
    '-' shift 47
    '~' shift 51
    . error

    expr goto 143

state 137 (entry on ';')
    stmt : DO stmt WHILE test ';'_    (66)

    '+' reduce 66
    '(' reduce 66
    '!' reduce 66
    INTLIT reduce 66
    WHILE reduce 66
    INT reduce 66
    ELSE reduce 66
    CONTINUE reduce 66
    '}' reduce 66
    IF reduce 66
    '{' reduce 66
    RETURN reduce 66
    IDENT reduce 66
    DOUBLE reduce 66
    PRINT reduce 66
    NEW reduce 66
    ';' reduce 66
    '-' reduce 66
    FOR reduce 66
    DO reduce 66
    '~' reduce 66
    BREAK reduce 66
    BOOLEAN reduce 66
    . error

state 138 (entry on expr)
    expr : expr_'+' expr    (36)
    expr : expr_'-' expr    (37)
    expr : expr_'*' expr    (38)
    expr : expr_'/' expr    (39)
    expr : expr_'<' expr    (40)
    expr : expr_'>' expr    (41)
    expr : expr_LTE expr    (42)
    expr : expr_GTE expr    (43)
    expr : expr_NEQ expr    (44)
    expr : expr_EQL expr    (45)
    expr : expr_'&' expr    (46)
    expr : expr_'|' expr    (47)
    expr : expr_'^' expr    (48)
    expr : expr_LAND expr    (49)
    expr : expr_LOR expr    (50)
    expr : expr_'[' expr ']' '=' expr    (53)
    expr : expr_'[' expr ']'    (54)
    optExpr : expr_    (67)

    EQL shift 53
    GTE shift 54
    LAND shift 55
    LOR shift 56
    LTE shift 57
    NEQ shift 58
    '&' shift 59
    '*' shift 60
    '+' shift 61
    '-' shift 62
    '/' shift 63
    '<' shift 65
    '>' shift 66
    '[' shift 67
    '^' shift 68
    '|' shift 69
    ')' reduce 67
    ';' reduce 67
    . error

state 139 (entry on optExpr)
    stmt : FOR '(' init ';' optExpr_';' optExpr ')' stmt    (63)

    ';' shift 144
    . error

state 140 (entry on args1)
    args1 : expr ',' args1_    (61)

    ')' reduce 61
    . error

state 141 (entry on stmt)
    stmt : IF test stmt ELSE stmt_    (21)

    '+' reduce 21
    '(' reduce 21
    '!' reduce 21
    INTLIT reduce 21
    WHILE reduce 21
    INT reduce 21
    ELSE reduce 21
    CONTINUE reduce 21
    '}' reduce 21
    IF reduce 21
    '{' reduce 21
    RETURN reduce 21
    IDENT reduce 21
    DOUBLE reduce 21
    PRINT reduce 21
    NEW reduce 21
    ';' reduce 21
    '-' reduce 21
    FOR reduce 21
    DO reduce 21
    '~' reduce 21
    BREAK reduce 21
    BOOLEAN reduce 21
    . error

state 142 (entry on ']')
    expr : NEW type '[' expr ']'_    (55)

    '*' reduce 55
    LOR reduce 55
    ')' reduce 55
    '+' reduce 55
    LAND reduce 55
    EQL reduce 55
    '&' reduce 55
    '|' reduce 55
    '^' reduce 55
    ']' reduce 55
    '[' reduce 55
    '>' reduce 55
    '<' reduce 55
    GTE reduce 55
    ';' reduce 55
    '/' reduce 55
    NEQ reduce 55
    '-' reduce 55
    ',' reduce 55
    LTE reduce 55
    . error

state 143 (entry on expr)
    expr : expr_'+' expr    (36)
    expr : expr_'-' expr    (37)
    expr : expr_'*' expr    (38)
    expr : expr_'/' expr    (39)
    expr : expr_'<' expr    (40)
    expr : expr_'>' expr    (41)
    expr : expr_LTE expr    (42)
    expr : expr_GTE expr    (43)
    expr : expr_NEQ expr    (44)
    expr : expr_EQL expr    (45)
    expr : expr_'&' expr    (46)
    expr : expr_'|' expr    (47)
    expr : expr_'^' expr    (48)
    expr : expr_LAND expr    (49)
    expr : expr_LOR expr    (50)
    expr : expr_'[' expr ']' '=' expr    (53)
    expr : expr '[' expr ']' '=' expr_    (53)
    expr : expr_'[' expr ']'    (54)

    EQL shift 53
    GTE shift 54
    LAND shift 55
    LOR shift 56
    LTE shift 57
    NEQ shift 58
    '&' shift 59
    '*' shift 60
    '+' shift 61
    '-' shift 62
    '/' shift 63
    '<' shift 65
    '>' shift 66
    '[' shift 67
    '^' shift 68
    '|' shift 69
    ')' reduce 53
    ']' reduce 53
    ';' reduce 53
    ',' reduce 53
    . error

state 144 (entry on ';')
    optExpr : _    (68)
    stmt : FOR '(' init ';' optExpr ';'_optExpr ')' stmt    (63)

    IDENT shift 37
    INTLIT shift 39
    NEW shift 40
    '!' shift 44
    '(' shift 45
    '+' shift 46
    '-' shift 47
    '~' shift 51
    ')' reduce 68
    . error

    expr goto 138
    optExpr goto 145

state 145 (entry on optExpr)
    stmt : FOR '(' init ';' optExpr ';' optExpr_')' stmt    (63)

    ')' shift 146
    . error

state 146 (entry on ')')
    stmt : FOR '(' init ';' optExpr ';' optExpr ')'_stmt    (63)

    BOOLEAN shift 5
    DOUBLE shift 6
    INT shift 7
    BREAK shift 33
    CONTINUE shift 34
    DO shift 35
    FOR shift 36
    IDENT shift 37
    IF shift 38
    INTLIT shift 39
    NEW shift 40
    PRINT shift 41
    RETURN shift 42
    WHILE shift 43
    '!' shift 44
    '(' shift 45
    '+' shift 46
    '-' shift 47
    ';' shift 48
    '{' shift 49
    '~' shift 51
    . error

    expr goto 29
    stmt goto 147
    type goto 31
    varDecl goto 32

state 147 (entry on stmt)
    stmt : FOR '(' init ';' optExpr ';' optExpr ')' stmt_    (63)

    '+' reduce 63
    '(' reduce 63
    '!' reduce 63
    INTLIT reduce 63
    WHILE reduce 63
    INT reduce 63
    ELSE reduce 63
    CONTINUE reduce 63
    '}' reduce 63
    IF reduce 63
    '{' reduce 63
    RETURN reduce 63
    IDENT reduce 63
    DOUBLE reduce 63
    PRINT reduce 63
    NEW reduce 63
    ';' reduce 63
    '-' reduce 63
    FOR reduce 63
    DO reduce 63
    '~' reduce 63
    BREAK reduce 63
    BOOLEAN reduce 63
    . error

46 terminals, 17 nonterminals;
71 grammar rules, 148 states;
1 shift/reduce and 0 reduce/reduce conflicts reported.
